Flutter crash report.
Please report a bug at https://github.com/flutter/flutter/issues.

## command

flutter run

## exception

RPCError: ext.flutter.profileWidgetBuilds: (-32603) Unexpected DWDS error for callServiceExtension: WipError -32000 Promise was collected

```
#0      new _OutstandingRequest (package:vm_service/src/vm_service.dart:265:34)
#1      VmService._call.<anonymous closure> (package:vm_service/src/vm_service.dart:1921:25)
#2      VmService._call (package:vm_service/src/vm_service.dart:1933:8)
#3      VmService.callServiceExtension (package:vm_service/src/vm_service.dart:1872:14)
#4      FlutterVmService._checkedCallServiceExtension (package:flutter_tools/src/vmservice.dart:889:28)
#5      FlutterVmService.invokeFlutterExtensionRpcRaw (package:flutter_tools/src/vmservice.dart:909:49)
#6      FlutterVmService._flutterToggle (package:flutter_tools/src/vmservice.dart:704:21)
<asynchronous suspension>
#7      ResidentHandlers.debugToggleProfileWidgetBuilds (package:flutter_tools/src/resident_runner.dart:858:9)
<asynchronous suspension>
#8      TerminalHandler.processTerminalInput (package:flutter_tools/src/resident_runner.dart:1786:7)
<asynchronous suspension>
```

## flutter doctor

```
[32m[✓][39m Flutter (Channel stable, 3.27.1, on Microsoft Windows [Version 10.0.22631.4602], locale en-US)
    [32m•[39m Flutter version 3.27.1 on channel stable at C:\src\flutter\flutter
    [32m•[39m Upstream repository https://github.com/flutter/flutter.git
    [32m•[39m Framework revision 17025dd882 (4 weeks ago), 2024-12-17 03:23:09 +0900
    [32m•[39m Engine revision cb4b5fff73
    [32m•[39m Dart version 3.6.0
    [32m•[39m DevTools version 2.40.2

[32m[✓][39m Windows Version (Installed version of Windows is version 10 or higher)

[32m[✓][39m Android toolchain - develop for Android devices (Android SDK version 35.0.0)
    [32m•[39m Android SDK at C:\Users\adars\AppData\Local\Android\sdk
    [32m•[39m Platform android-35, build-tools 35.0.0
    [32m•[39m Java binary at: C:\Program Files\Android\Android Studio\jbr\bin\java
    [32m•[39m Java version OpenJDK Runtime Environment (build 21.0.3+-12282718-b509.11)
    [32m•[39m All Android licenses accepted.

[32m[✓][39m Chrome - develop for the web
    [32m•[39m Chrome at C:\Program Files\Google\Chrome\Application\chrome.exe

[32m[✓][39m Visual Studio - develop Windows apps (Visual Studio Community 2022 17.12.3)
    [32m•[39m Visual Studio at C:\Program Files\Microsoft Visual Studio\2022\Community
    [32m•[39m Visual Studio Community 2022 version 17.12.35527.113
    [32m•[39m Windows 10 SDK version 10.0.22621.0

[32m[✓][39m Android Studio (version 2024.2)
    [32m•[39m Android Studio at C:\Program Files\Android\Android Studio
    [32m•[39m Flutter plugin can be installed from:
      🔨 https://plugins.jetbrains.com/plugin/9212-flutter
    [32m•[39m Dart plugin can be installed from:
      🔨 https://plugins.jetbrains.com/plugin/6351-dart
    [32m•[39m Java version OpenJDK Runtime Environment (build 21.0.3+-12282718-b509.11)

[32m[✓][39m VS Code (version 1.96.2)
    [32m•[39m VS Code at C:\Users\adars\AppData\Local\Programs\Microsoft VS Code
    [32m•[39m Flutter extension can be installed from:
      🔨 https://marketplace.visualstudio.com/items?itemName=Dart-Code.flutter

[32m[✓][39m Connected device (3 available)
    [32m•[39m Windows (desktop) • windows • windows-x64    • Microsoft Windows [Version 10.0.22631.4602]
    [32m•[39m Chrome (web)      • chrome  • web-javascript • Google Chrome 131.0.6778.205
    [32m•[39m Edge (web)        • edge    • web-javascript • Microsoft Edge 131.0.2903.112

[32m[✓][39m Network resources
    [32m•[39m All expected network resources are available.

[32m•[39m No issues found!
```
